  ConsoleApplication6.cpp
c:\users\hp - au006\source\repos\consoleapplication6\consoleapplication6\consoleapplication6.cpp(6300): warning C4305: '+=': truncation from 'double' to 'float'
c:\users\hp - au006\source\repos\consoleapplication6\consoleapplication6\consoleapplication6.cpp(6338): warning C4305: '+=': truncation from 'double' to 'float'
c:\users\hp - au006\source\repos\consoleapplication6\consoleapplication6\consoleapplication6.cpp(8083): warning C4305: '+=': truncation from 'double' to 'float'
c:\users\hp - au006\source\repos\consoleapplication6\consoleapplication6\consoleapplication6.cpp(9491): warning C4305: '+=': truncation from 'double' to 'float'
c:\users\hp - au006\source\repos\consoleapplication6\consoleapplication6\consoleapplication6.cpp(8703): warning C4101: 'y': unreferenced local variable
c:\users\hp - au006\source\repos\consoleapplication6\consoleapplication6\consoleapplication6.cpp(8703): warning C4101: 'x': unreferenced local variable
c:\users\hp - au006\source\repos\consoleapplication6\consoleapplication6\consoleapplication6.cpp(10075): warning C4305: '+=': truncation from 'double' to 'float'
c:\users\hp - au006\source\repos\consoleapplication6\consoleapplication6\consoleapplication6.cpp(10655): warning C4305: '+=': truncation from 'double' to 'float'
c:\users\hp - au006\source\repos\consoleapplication6\consoleapplication6\consoleapplication6.cpp(10801): warning C4305: 'argument': truncation from 'double' to 'float'
c:\users\hp - au006\source\repos\consoleapplication6\consoleapplication6\consoleapplication6.cpp(10819): warning C4305: 'argument': truncation from 'double' to 'float'
c:\users\hp - au006\source\repos\consoleapplication6\consoleapplication6\consoleapplication6.cpp(10837): warning C4305: 'argument': truncation from 'double' to 'float'
c:\users\hp - au006\source\repos\consoleapplication6\consoleapplication6\consoleapplication6.cpp(10855): warning C4305: 'argument': truncation from 'double' to 'float'
c:\users\hp - au006\source\repos\consoleapplication6\consoleapplication6\consoleapplication6.cpp(10873): warning C4305: 'argument': truncation from 'double' to 'float'
c:\users\hp - au006\source\repos\consoleapplication6\consoleapplication6\consoleapplication6.cpp(11214): warning C4244: 'argument': conversion from 'double' to 'float', possible loss of data
c:\users\hp - au006\source\repos\consoleapplication6\consoleapplication6\consoleapplication6.cpp(11217): warning C4244: 'argument': conversion from 'double' to 'float', possible loss of data
c:\users\hp - au006\source\repos\consoleapplication6\consoleapplication6\consoleapplication6.cpp(11220): warning C4244: 'argument': conversion from 'double' to 'float', possible loss of data
c:\users\hp - au006\source\repos\consoleapplication6\consoleapplication6\consoleapplication6.cpp(11774): warning C4101: 'active': unreferenced local variable
c:\users\hp - au006\source\repos\consoleapplication6\consoleapplication6\consoleapplication6.cpp(2091): warning C4715: 'prodchoice': not all control paths return a value
c:\users\hp - au006\source\repos\consoleapplication6\consoleapplication6\consoleapplication6.cpp(970): warning C4715: 'regowner': not all control paths return a value
c:\users\hp - au006\source\repos\consoleapplication6\consoleapplication6\consoleapplication6.cpp(2269): warning C4715: 'loginshopper': not all control paths return a value
c:\users\hp - au006\source\repos\consoleapplication6\consoleapplication6\consoleapplication6.cpp(1453): warning C4715: 'regshoper': not all control paths return a value
c:\users\hp - au006\source\repos\consoleapplication6\consoleapplication6\consoleapplication6.cpp(2629): warning C4715: 'search': not all control paths return a value
c:\users\hp - au006\source\repos\consoleapplication6\consoleapplication6\consoleapplication6.cpp(2898): warning C4715: 'ownerchoice': not all control paths return a value
c:\users\hp - au006\source\repos\consoleapplication6\consoleapplication6\consoleapplication6.cpp(2989): warning C4715: 'shopperchoice': not all control paths return a value
c:\users\hp - au006\source\repos\consoleapplication6\consoleapplication6\consoleapplication6.cpp(2808): warning C4715: 'loginowner': not all control paths return a value
c:\users\hp - au006\source\repos\consoleapplication6\consoleapplication6\consoleapplication6.cpp(3564): warning C4715: 'editshoper': not all control paths return a value
c:\users\hp - au006\source\repos\consoleapplication6\consoleapplication6\consoleapplication6.cpp(4136): warning C4715: 'editowner': not all control paths return a value
c:\users\hp - au006\source\repos\consoleapplication6\consoleapplication6\consoleapplication6.cpp(5088): warning C4715: 'addproduct': not all control paths return a value
c:\users\hp - au006\source\repos\consoleapplication6\consoleapplication6\consoleapplication6.cpp(4680): warning C4715: 'editshop': not all control paths return a value
c:\users\hp - au006\source\repos\consoleapplication6\consoleapplication6\consoleapplication6.cpp(5736): warning C4715: 'remove': not all control paths return a value
c:\users\hp - au006\source\repos\consoleapplication6\consoleapplication6\consoleapplication6.cpp(5535): warning C4715: 'discount': not all control paths return a value
c:\users\hp - au006\source\repos\consoleapplication6\consoleapplication6\consoleapplication6.cpp(6734): warning C4715: 'viewproductsOwner': not all control paths return a value
c:\users\hp - au006\source\repos\consoleapplication6\consoleapplication6\consoleapplication6.cpp(7093): warning C4715: 'editprod': not all control paths return a value
c:\users\hp - au006\source\repos\consoleapplication6\consoleapplication6\consoleapplication6.cpp(7607): warning C4715: 'receipt': not all control paths return a value
c:\users\hp - au006\source\repos\consoleapplication6\consoleapplication6\consoleapplication6.cpp(8608): warning C4715: 'filtersmenu': not all control paths return a value
c:\users\hp - au006\source\repos\consoleapplication6\consoleapplication6\consoleapplication6.cpp(8372): warning C4715: 'purchaseHistory': not all control paths return a value
c:\users\hp - au006\source\repos\consoleapplication6\consoleapplication6\consoleapplication6.cpp(8144): warning C4715: 'cart': not all control paths return a value
c:\users\hp - au006\source\repos\consoleapplication6\consoleapplication6\consoleapplication6.cpp(8699): warning C4715: 'giftsmenu': not all control paths return a value
c:\users\hp - au006\source\repos\consoleapplication6\consoleapplication6\consoleapplication6.cpp(10139): warning C4715: 'viewbysearch': not all control paths return a value
c:\users\hp - au006\source\repos\consoleapplication6\consoleapplication6\consoleapplication6.cpp(10712): warning C4715: 'viewbyprice': not all control paths return a value
c:\users\hp - au006\source\repos\consoleapplication6\consoleapplication6\consoleapplication6.cpp(11011): warning C4715: 'rating': not all control paths return a value
c:\users\hp - au006\source\repos\consoleapplication6\consoleapplication6\consoleapplication6.cpp(11253): warning C4715: 'byshop': not all control paths return a value
c:\users\hp - au006\source\repos\consoleapplication6\consoleapplication6\consoleapplication6.cpp(9555): warning C4715: 'viewbystring': not all control paths return a value
c:\users\hp - au006\source\repos\consoleapplication6\consoleapplication6\consoleapplication6.cpp(11477): warning C4715: 'bycategory': not all control paths return a value
c:\users\hp - au006\source\repos\consoleapplication6\consoleapplication6\consoleapplication6.cpp(11647): warning C4715: 'byprice': not all control paths return a value
c:\users\hp - au006\source\repos\consoleapplication6\consoleapplication6\consoleapplication6.cpp(12053): warning C4715: 'ownerprofile': not all control paths return a value
c:\users\hp - au006\source\repos\consoleapplication6\consoleapplication6\consoleapplication6.cpp(12184): warning C4715: 'shopprofile': not all control paths return a value
c:\users\hp - au006\source\repos\consoleapplication6\consoleapplication6\consoleapplication6.cpp(11839): warning C4715: 'shopperprofile': not all control paths return a value
  ConsoleApplication6.vcxproj -> C:\Users\HP - AU006\source\repos\ConsoleApplication6\Debug\ConsoleApplication6.exe
